<?xml version="1.0" encoding="UTF-8"?>
<testng-results ignored="0" total="1" passed="1" failed="0" skipped="0">
  <reporter-output>
    <line>
      <![CDATA[CreateCustomer]]>
    </line>
  </reporter-output>
  <suite started-at="2023-01-18T17:11:16Z" name="Default suite" finished-at="2023-01-18T17:11:40Z" duration-ms="24121">
    <groups>
    </groups>
    <test started-at="2023-01-18T17:11:16Z" name="Default test" finished-at="2023-01-18T17:11:40Z" duration-ms="24121">
      <class name="com.actitime.testscript.CreateModule">
        <test-method signature="CreateCustomer()[pri:0, instance:com.actitime.testscript.CreateModule@15bb5034]" started-at="2023-01-18T17:11:16Z" name="CreateCustomer" finished-at="2023-01-18T17:11:40Z" duration-ms="24024" status="PASS">
          <reporter-output>
            <line>
              <![CDATA[CreateCustomer]]>
            </line>
          </reporter-output>
        </test-method> <!-- CreateCustomer -->
      </class> <!-- com.actitime.testscript.CreateModule -->
    </test> <!-- Default test -->
  </suite> <!-- Default suite -->
</testng-results>
